ChangeLog
=========
2.0

Futures:
Теперь системные функции не болтаются в глобальной области видимости
Плагин jquery.mousewheel поставляется в комплекте
Добавлена горизонтальная прокрутка на тач-устройствах в случае, когда даилог не помещается на экране по ширине
Добавлена возможность показывать диалог с абсолютным позиционированием, а не только с фиксированным
- так же можно указать привязку в объекту и горизонтальное и вертикальнео выравниение, относительно него. Так же доступен сдвиг относительно конечных координат
Картинка кнопки закрытия теперь векторная
Теперь диалоги по умолчанию считают ширину с учетом внутренних отступов и рамок, как на уровне js, так и на css

Fix:
Исправлены баги с выключением/включением прокрутки при множестве диалогов, с различными параметрами
Добавлена проверка на количество тач-прикосновений, во избежании блокировки попытки масштабирования
Исправлено сохранение параметров для каждого диалога

Changes:
Параметры диалога теперь можно задавать в атрибуте data-dialog-options
Заголовок в атрибутах теперь задается data-dialog-title, ранее было dialog-title
Класс кнопки закрытия .close => .dialog-close
Класс загаловка .title => .dialog-title
Класс контейнера в диалогах ошибки/успеха .content => .dialog-content

2.0.1
Fix:
Исправлена ситуация, что в некоторых браузерах не отключалась прокрутка с помощью disableScroll

2.0.2
Fix:
Исправлена ошибка, возникающая при попытке открыть несуществующий диалог

2.0.3
Fix:
Исправлена ошибка, при которой нельзя было отключить заголовок

2.0.4
Changes:
Добавлена опция showOverlay (по умолчанию true)

2.0.5b
Fix: Исправлена работа атрибута data-dialog-title

2.0.6
Fix:
Добавлены проверки на наличие опций у диалогов при открытии и закрытии.
Исправлена ошибка с позиционированием, возникающая при повторном открытии диалога, но уже другого размера.